https://www.google.co.in/search?q=VMware
vmware.com
**** - riley
sssssss.sakd@vmware.com - Email is not valid

keri.riley@vmware.com - Email is not valid
keri.r@vmware.com - Email is not valid
riley.keri@vmware.com - Email is not valid
riley.k@vmware.com - Email is not valid
keririley@vmware.com - Email is not valid
keri@vmware.com - Email is not valid
kriley@vmware.com - Email is not valid
kerir@vmware.com - Email is not valid
['keri.riley@vmware.com - Email is not valid', 'keri.r@vmware.com - Email is not valid', 'riley.keri@vmware.com - Email is not valid', 'riley.k@vmware.com - Email is not valid', 'keririley@vmware.com - Email is not valid', 'keri@vmware.com - Email is not valid', 'kriley@vmware.com - Email is not valid', 'kerir@vmware.com - Email is not valid']
https://www.google.co.in/search?q=Technip
technip.com
**** - seeker
sssssss.sakd@technip.com - Email is not valid

kelly.seeker@technip.com - Email is not valid
kelly.s@technip.com - Email is not valid
seeker.kelly@technip.com - Email is not valid
seeker.k@technip.com - Email is not valid
kellyseeker@technip.com - Email is not valid
kelly@technip.com - Email is not valid
kseeker@technip.com - Email is not valid
kellys@technip.com - Email is not valid
['kelly.seeker@technip.com - Email is not valid', 'kelly.s@technip.com - Email is not valid', 'seeker.kelly@technip.com - Email is not valid', 'seeker.k@technip.com - Email is not valid', 'kellyseeker@technip.com - Email is not valid', 'kelly@technip.com - Email is not valid', 'kseeker@technip.com - Email is not valid', 'kellys@technip.com - Email is not valid']
https://www.google.co.in/search?q=Integrated%2BService%2BSolutions%2B%28ISS%29
integratedservicesolutions.com
**** - brawley,cir,prc,sphr
sssssss.sakd@integratedservicesolutions.com - Email is valid

https://www.google.co.in/search?q=VMware
vmware.com
**** - condon
sssssss.sakd@vmware.com - Email is not valid

fiona.condon@vmware.com - Email is not valid
fiona.c@vmware.com - Email is not valid
condon.fiona@vmware.com - Email is not valid
condon.f@vmware.com - Email is not valid
fionacondon@vmware.com - Email is not valid
fiona@vmware.com - Email is not valid
fcondon@vmware.com - Email is not valid
fionac@vmware.com - Email is not valid
['fiona.condon@vmware.com - Email is not valid', 'fiona.c@vmware.com - Email is not valid', 'condon.fiona@vmware.com - Email is not valid', 'condon.f@vmware.com - Email is not valid', 'fionacondon@vmware.com - Email is not valid', 'fiona@vmware.com - Email is not valid', 'fcondon@vmware.com - Email is not valid', 'fionac@vmware.com - Email is not valid']
https://www.google.co.in/search?q=Dr%2BPepper%2BSnapple%2BGroup
drpeppersnapplegroup.com
**** - richie
sssssss.sakd@drpeppersnapplegroup.com - Email is not validAll SMTP servers are misbehaving5\n

joe.richie@drpeppersnapplegroup.com - Email is not validAll SMTP servers are misbehaving5\n
joe.r@drpeppersnapplegroup.com - Email is not validThere are no SMTP servers accepting connections4\n
richie.joe@drpeppersnapplegroup.com - Email is not validAll SMTP servers are misbehaving5\n
richie.j@drpeppersnapplegroup.com - Email is not validAll SMTP servers are misbehaving5\n
joerichie@drpeppersnapplegroup.com - Email is not validAll SMTP servers are misbehaving5\n
joe@drpeppersnapplegroup.com - Email is not validAll SMTP servers are misbehaving5\n
jrichie@drpeppersnapplegroup.com - Email is not validAll SMTP servers are misbehaving5\n
joer@drpeppersnapplegroup.com - Email is not validAll SMTP servers are misbehaving5\n
['joe.richie@drpeppersnapplegroup.com - Email is not validAll SMTP servers are misbehaving5\\n', 'joe.r@drpeppersnapplegroup.com - Email is not validThere are no SMTP servers accepting connections4\\n', 'richie.joe@drpeppersnapplegroup.com - Email is not validAll SMTP servers are misbehaving5\\n', 'richie.j@drpeppersnapplegroup.com - Email is not validAll SMTP servers are misbehaving5\\n', 'joerichie@drpeppersnapplegroup.com - Email is not validAll SMTP servers are misbehaving5\\n', 'joe@drpeppersnapplegroup.com - Email is not validAll SMTP servers are misbehaving5\\n', 'jrichie@drpeppersnapplegroup.com - Email is not validAll SMTP servers are misbehaving5\\n', 'joer@drpeppersnapplegroup.com - Email is not validAll SMTP servers are misbehaving5\\n']
https://www.google.co.in/search?q=sssssssssssssssss
youtube.com
**** - forman
sssssss.sakd@youtube.com - Email is not valid

morgan.forman@youtube.com - Email is not valid
morgan.f@youtube.com - Email is not valid
forman.morgan@youtube.com - Email is not valid
forman.m@youtube.com - Email is not valid
morganforman@youtube.com - Email is not valid
morgan@youtube.com - Email is not valid
mforman@youtube.com - Email is not valid
morganf@youtube.com - Email is not valid
['morgan.forman@youtube.com - Email is not valid', 'morgan.f@youtube.com - Email is not valid', 'forman.morgan@youtube.com - Email is not valid', 'forman.m@youtube.com - Email is not valid', 'morganforman@youtube.com - Email is not valid', 'morgan@youtube.com - Email is not valid', 'mforman@youtube.com - Email is not valid', 'morganf@youtube.com - Email is not valid']
https://www.google.co.in/search?q=Ericsson
ericsson.com
**** - mast
sssssss.sakd@ericsson.com - Email is valid

https://www.google.co.in/search?q=Fujitsu%2BNetwork%2BCommunications
fujitsu.com
**** - hanks,phr
sssssss.sakd@fujitsu.com - Email is valid

https://www.google.co.in/search?q=USAA
usaa.com
**** - moser
sssssss.sakd@usaa.com - Email is valid

https://www.google.co.in/search?q=BP
bp.com
**** - nguyen
sssssss.sakd@bp.com - Email is not valid

nicole.nguyen@bp.com - Email is valid
nicole.n@bp.com - Email is not valid
nguyen.nicole@bp.com - Email is not valid
nguyen.n@bp.com - Email is not validThere are no SMTP servers accepting connections4\n
nicolenguyen@bp.com - Email is not valid
nicole@bp.com - Email is not valid
nnguyen@bp.com - Email is not valid
nicolen@bp.com - Email is not valid
['nicole.nguyen@bp.com - Email is valid', 'nicole.n@bp.com - Email is not valid', 'nguyen.nicole@bp.com - Email is not valid', 'nguyen.n@bp.com - Email is not validThere are no SMTP servers accepting connections4\\n', 'nicolenguyen@bp.com - Email is not valid', 'nicole@bp.com - Email is not valid', 'nnguyen@bp.com - Email is not valid', 'nicolen@bp.com - Email is not valid']
https://www.google.co.in/search?q=Alexander%2BMann%2BSolutions
alexandermannsolutions.com
**** - hestand
sssssss.sakd@alexandermannsolutions.com - Email is valid

https://www.google.co.in/search?q=Shell%2BOil
shell.com
**** - yitbarek
sssssss.sakd@shell.com - Email is valid

https://www.google.co.in/search?q=Northrop%2BGrumman%2BCorporation
northropgrumman.com
**** - gourley
sssssss.sakd@northropgrumman.com - Email is not validThere are no SMTP servers accepting connections4\n

julie.gourley@northropgrumman.com - Email is not validThere are no SMTP servers accepting connections4\n
julie.g@northropgrumman.com - Email is not validThere are no SMTP servers accepting connections4\n
gourley.julie@northropgrumman.com - Email is not validThere are no SMTP servers accepting connections4\n
gourley.j@northropgrumman.com - Email is not validThere are no SMTP servers accepting connections4\n
juliegourley@northropgrumman.com - Email is not validThere are no SMTP servers accepting connections4\n
julie@northropgrumman.com - Email is not validThere are no SMTP servers accepting connections4\n
jgourley@northropgrumman.com - Email is not validThere are no SMTP servers accepting connections4\n
julieg@northropgrumman.com - Email is not validThere are no SMTP servers accepting connections4\n
['julie.gourley@northropgrumman.com - Email is not validThere are no SMTP servers accepting connections4\\n', 'julie.g@northropgrumman.com - Email is not validThere are no SMTP servers accepting connections4\\n', 'gourley.julie@northropgrumman.com - Email is not validThere are no SMTP servers accepting connections4\\n', 'gourley.j@northropgrumman.com - Email is not validThere are no SMTP servers accepting connections4\\n', 'juliegourley@northropgrumman.com - Email is not validThere are no SMTP servers accepting connections4\\n', 'julie@northropgrumman.com - Email is not validThere are no SMTP servers accepting connections4\\n', 'jgourley@northropgrumman.com - Email is not validThere are no SMTP servers accepting connections4\\n', 'julieg@northropgrumman.com - Email is not validThere are no SMTP servers accepting connections4\\n']
https://www.google.co.in/search?q=Groupon
groupon.com
**** - o'brien
sssssss.sakd@groupon.com - Email is valid

https://www.google.co.in/search?q=FireEye
fireeye.com
**** - lynanderson
sssssss.sakd@fireeye.com - Email is not valid

brooke.lynanderson@fireeye.com - Email is not valid
brooke.l@fireeye.com - Email is not valid
lynanderson.brooke@fireeye.com - Email is not valid
lynanderson.b@fireeye.com - Email is not valid
brookelynanderson@fireeye.com - Email is not valid
brooke@fireeye.com - Email is not valid
blynanderson@fireeye.com - Email is not valid
brookel@fireeye.com - Email is not valid
['brooke.lynanderson@fireeye.com - Email is not valid', 'brooke.l@fireeye.com - Email is not valid', 'lynanderson.brooke@fireeye.com - Email is not valid', 'lynanderson.b@fireeye.com - Email is not valid', 'brookelynanderson@fireeye.com - Email is not valid', 'brooke@fireeye.com - Email is not valid', 'blynanderson@fireeye.com - Email is not valid', 'brookel@fireeye.com - Email is not valid']
https://www.google.co.in/search?q=Seagate%2BTechnology
seagate.com
**** - mcdonald
sssssss.sakd@seagate.com - Email is valid

https://www.google.co.in/search?q=Phillips%2B66
phillips66.com
**** - satterfield
sssssss.sakd@phillips66.com - Email is not validThere are no SMTP servers accepting connections4\n

thad.satterfield@phillips66.com - Email is not validThere are no SMTP servers accepting connections4\n
thad.s@phillips66.com - Email is not validThere are no SMTP servers accepting connections4\n
satterfield.thad@phillips66.com - Email is not validThere are no SMTP servers accepting connections4\n
satterfield.t@phillips66.com - Email is not validThere are no SMTP servers accepting connections4\n
thadsatterfield@phillips66.com - Email is not validThere are no SMTP servers accepting connections4\n
thad@phillips66.com - Email is not validThere are no SMTP servers accepting connections4\n
tsatterfield@phillips66.com - Email is not validThere are no SMTP servers accepting connections4\n
thads@phillips66.com - Email is not validThere are no SMTP servers accepting connections4\n
['thad.satterfield@phillips66.com - Email is not validThere are no SMTP servers accepting connections4\\n', 'thad.s@phillips66.com - Email is not validThere are no SMTP servers accepting connections4\\n', 'satterfield.thad@phillips66.com - Email is not validThere are no SMTP servers accepting connections4\\n', 'satterfield.t@phillips66.com - Email is not validThere are no SMTP servers accepting connections4\\n', 'thadsatterfield@phillips66.com - Email is not validThere are no SMTP servers accepting connections4\\n', 'thad@phillips66.com - Email is not validThere are no SMTP servers accepting connections4\\n', 'tsatterfield@phillips66.com - Email is not validThere are no SMTP servers accepting connections4\\n', 'thads@phillips66.com - Email is not validThere are no SMTP servers accepting connections4\\n']
https://www.google.co.in/search?q=Crowe%2BHorwath%2BLLP
crowehorwath.com
**** - (scheer)irlbeck
sssssss.sakd@crowehorwath.com - Email is not valid

carly.(scheer)irlbeck@crowehorwath.com - There is a syntactical error in the email address2\n
carly.(@crowehorwath.com - There is a syntactical error in the email address2\n
(scheer)irlbeck.carly@crowehorwath.com - There is a syntactical error in the email address2\n
(scheer)irlbeck.c@crowehorwath.com - There is a syntactical error in the email address2\n
carly(scheer)irlbeck@crowehorwath.com - There is a syntactical error in the email address2\n
carly@crowehorwath.com - Email is valid
c(scheer)irlbeck@crowehorwath.com - There is a syntactical error in the email address2\n
carly(@crowehorwath.com - There is a syntactical error in the email address2\n
['carly.(scheer)irlbeck@crowehorwath.com - There is a syntactical error in the email address2\\n', 'carly.(@crowehorwath.com - There is a syntactical error in the email address2\\n', '(scheer)irlbeck.carly@crowehorwath.com - There is a syntactical error in the email address2\\n', '(scheer)irlbeck.c@crowehorwath.com - There is a syntactical error in the email address2\\n', 'carly(scheer)irlbeck@crowehorwath.com - There is a syntactical error in the email address2\\n', 'carly@crowehorwath.com - Email is valid', 'c(scheer)irlbeck@crowehorwath.com - There is a syntactical error in the email address2\\n', 'carly(@crowehorwath.com - There is a syntactical error in the email address2\\n']
https://www.google.co.in/search?q=Dish%2BNetwork
dish.com
**** - riley
sssssss.sakd@dish.com - Email is not valid

beth.riley@dish.com - Email is valid
beth.r@dish.com - Email is not valid
riley.beth@dish.com - Email is not valid
riley.b@dish.com - Email is not valid
bethriley@dish.com - Email is not valid
beth@dish.com - Email is not valid
briley@dish.com - Email is not valid
bethr@dish.com - Email is not valid
['beth.riley@dish.com - Email is valid', 'beth.r@dish.com - Email is not valid', 'riley.beth@dish.com - Email is not valid', 'riley.b@dish.com - Email is not valid', 'bethriley@dish.com - Email is not valid', 'beth@dish.com - Email is not valid', 'briley@dish.com - Email is not valid', 'bethr@dish.com - Email is not valid']
https://www.google.co.in/search?q=Zions%2BBancorporation
zionsbancorporation.com
**** - driscoll
sssssss.sakd@zionsbancorporation.com - Email is not validThere are no SMTP servers accepting connections4\n

metta.driscoll@zionsbancorporation.com - Email is not validThere are no SMTP servers accepting connections4\n
metta.d@zionsbancorporation.com - Email is not validThere are no SMTP servers accepting connections4\n
driscoll.metta@zionsbancorporation.com - Email is not validThere are no SMTP servers accepting connections4\n
driscoll.m@zionsbancorporation.com - Email is not validThere are no SMTP servers accepting connections4\n
mettadriscoll@zionsbancorporation.com - Email is not validThere are no SMTP servers accepting connections4\n
metta@zionsbancorporation.com - Email is not validThere are no SMTP servers accepting connections4\n
mdriscoll@zionsbancorporation.com - Email is not validThere are no SMTP servers accepting connections4\n
mettad@zionsbancorporation.com - Email is not validThere are no SMTP servers accepting connections4\n
['metta.driscoll@zionsbancorporation.com - Email is not validThere are no SMTP servers accepting connections4\\n', 'metta.d@zionsbancorporation.com - Email is not validThere are no SMTP servers accepting connections4\\n', 'driscoll.metta@zionsbancorporation.com - Email is not validThere are no SMTP servers accepting connections4\\n', 'driscoll.m@zionsbancorporation.com - Email is not validThere are no SMTP servers accepting connections4\\n', 'mettadriscoll@zionsbancorporation.com - Email is not validThere are no SMTP servers accepting connections4\\n', 'metta@zionsbancorporation.com - Email is not validThere are no SMTP servers accepting connections4\\n', 'mdriscoll@zionsbancorporation.com - Email is not validThere are no SMTP servers accepting connections4\\n', 'mettad@zionsbancorporation.com - Email is not validThere are no SMTP servers accepting connections4\\n']
https://www.google.co.in/search?q=Dish%2BNetwork
dish.com
**** - donnelly
sssssss.sakd@dish.com - Email is not valid

megan.donnelly@dish.com - Email is valid
megan.d@dish.com - Email is not valid
donnelly.megan@dish.com - Email is not valid
donnelly.m@dish.com - Email is not valid
megandonnelly@dish.com - Email is not valid
megan@dish.com - Email is not valid
mdonnelly@dish.com - Email is not valid
megand@dish.com - Email is not valid
['megan.donnelly@dish.com - Email is valid', 'megan.d@dish.com - Email is not valid', 'donnelly.megan@dish.com - Email is not valid', 'donnelly.m@dish.com - Email is not valid', 'megandonnelly@dish.com - Email is not valid', 'megan@dish.com - Email is not valid', 'mdonnelly@dish.com - Email is not valid', 'megand@dish.com - Email is not valid']
https://www.google.co.in/search?q=Monsanto%2BCompany
monsanto.com
**** - perkins
sssssss.sakd@monsanto.com - Email is valid

https://www.google.co.in/search?q=Pearson
pearson.co.in
**** - carlson
sssssss.sakd@pearson.co.in - Email is not valid

chris.carlson@pearson.co.in - Email is not valid
chris.c@pearson.co.in - Email is not valid
carlson.chris@pearson.co.in - Email is not valid
carlson.c@pearson.co.in - Email is not valid
chriscarlson@pearson.co.in - Email is not valid
chris@pearson.co.in - Email is not valid
ccarlson@pearson.co.in - Email is not valid
chrisc@pearson.co.in - Email is not valid
['chris.carlson@pearson.co.in - Email is not valid', 'chris.c@pearson.co.in - Email is not valid', 'carlson.chris@pearson.co.in - Email is not valid', 'carlson.c@pearson.co.in - Email is not valid', 'chriscarlson@pearson.co.in - Email is not valid', 'chris@pearson.co.in - Email is not valid', 'ccarlson@pearson.co.in - Email is not valid', 'chrisc@pearson.co.in - Email is not valid']
https://www.google.co.in/search?q=VSA%2BPartners
vsapartners.com
**** - schonfeld
sssssss.sakd@vsapartners.com - Email is not valid

amanda.schonfeld@vsapartners.com - Email is not valid
amanda.s@vsapartners.com - Email is not valid
schonfeld.amanda@vsapartners.com - Email is not valid
schonfeld.a@vsapartners.com - Email is not valid
amandaschonfeld@vsapartners.com - Email is not valid
amanda@vsapartners.com - Email is not valid
aschonfeld@vsapartners.com - Email is not valid
amandas@vsapartners.com - Email is not valid
['amanda.schonfeld@vsapartners.com - Email is not valid', 'amanda.s@vsapartners.com - Email is not valid', 'schonfeld.amanda@vsapartners.com - Email is not valid', 'schonfeld.a@vsapartners.com - Email is not valid', 'amandaschonfeld@vsapartners.com - Email is not valid', 'amanda@vsapartners.com - Email is not valid', 'aschonfeld@vsapartners.com - Email is not valid', 'amandas@vsapartners.com - Email is not valid']
https://www.google.co.in/search?q=sssssssssssssssss
youtube.com
**** - griffin
sssssss.sakd@youtube.com - Email is not valid

brittany.griffin@youtube.com - Email is not valid
brittany.g@youtube.com - Email is not valid
griffin.brittany@youtube.com - Email is not valid
griffin.b@youtube.com - Email is not valid
brittanygriffin@youtube.com - Email is not valid
brittany@youtube.com - Email is not valid
bgriffin@youtube.com - Email is not valid
brittanyg@youtube.com - Email is not valid
['brittany.griffin@youtube.com - Email is not valid', 'brittany.g@youtube.com - Email is not valid', 'griffin.brittany@youtube.com - Email is not valid', 'griffin.b@youtube.com - Email is not valid', 'brittanygriffin@youtube.com - Email is not valid', 'brittany@youtube.com - Email is not valid', 'bgriffin@youtube.com - Email is not valid', 'brittanyg@youtube.com - Email is not valid']
https://www.google.co.in/search?q=sssssssssssssssss
youtube.com
**** - patterson
sssssss.sakd@youtube.com - Email is not valid

david.patterson@youtube.com - Email is not valid
david.p@youtube.com - Email is not valid
patterson.david@youtube.com - Email is not valid
patterson.d@youtube.com - Email is not valid
davidpatterson@youtube.com - Email is not valid
david@youtube.com - Email is not valid
dpatterson@youtube.com - Email is not valid
davidp@youtube.com - Email is not valid
['david.patterson@youtube.com - Email is not valid', 'david.p@youtube.com - Email is not valid', 'patterson.david@youtube.com - Email is not valid', 'patterson.d@youtube.com - Email is not valid', 'davidpatterson@youtube.com - Email is not valid', 'david@youtube.com - Email is not valid', 'dpatterson@youtube.com - Email is not valid', 'davidp@youtube.com - Email is not valid']
https://www.google.co.in/search?q=sssssssssssssssss
youtube.com
**** - robinson
sssssss.sakd@youtube.com - Email is not valid

liz.robinson@youtube.com - Email is not valid
liz.r@youtube.com - Email is not valid
robinson.liz@youtube.com - Email is not valid
robinson.l@youtube.com - Email is not valid
lizrobinson@youtube.com - Email is not valid
liz@youtube.com - Email is not valid
lrobinson@youtube.com - Email is not valid
lizr@youtube.com - Email is not valid
['liz.robinson@youtube.com - Email is not valid', 'liz.r@youtube.com - Email is not valid', 'robinson.liz@youtube.com - Email is not valid', 'robinson.l@youtube.com - Email is not valid', 'lizrobinson@youtube.com - Email is not valid', 'liz@youtube.com - Email is not valid', 'lrobinson@youtube.com - Email is not valid', 'lizr@youtube.com - Email is not valid']
https://www.google.co.in/search?q=Vigor
dictionary.reference.com
**** - mgreen
sssssss.sakd@dictionary.reference.com - Email is not validThere are no SMTP servers accepting connections4\n

jennifer.mgreen@dictionary.reference.com - Email is not validThere are no SMTP servers accepting connections4\n
jennifer.m@dictionary.reference.com - Email is not validThere are no SMTP servers accepting connections4\n
mgreen.jennifer@dictionary.reference.com - Email is not validThere are no SMTP servers accepting connections4\n
mgreen.j@dictionary.reference.com - Email is not validThere are no SMTP servers accepting connections4\n
jennifermgreen@dictionary.reference.com - Email is not validThere are no SMTP servers accepting connections4\n
jennifer@dictionary.reference.com - Email is not validThere are no SMTP servers accepting connections4\n
jmgreen@dictionary.reference.com - Email is not validThere are no SMTP servers accepting connections4\n
jenniferm@dictionary.reference.com - Email is not validThere are no SMTP servers accepting connections4\n
['jennifer.mgreen@dictionary.reference.com - Email is not validThere are no SMTP servers accepting connections4\\n', 'jennifer.m@dictionary.reference.com - Email is not validThere are no SMTP servers accepting connections4\\n', 'mgreen.jennifer@dictionary.reference.com - Email is not validThere are no SMTP servers accepting connections4\\n', 'mgreen.j@dictionary.reference.com - Email is not validThere are no SMTP servers accepting connections4\\n', 'jennifermgreen@dictionary.reference.com - Email is not validThere are no SMTP servers accepting connections4\\n', 'jennifer@dictionary.reference.com - Email is not validThere are no SMTP servers accepting connections4\\n', 'jmgreen@dictionary.reference.com - Email is not validThere are no SMTP servers accepting connections4\\n', 'jenniferm@dictionary.reference.com - Email is not validThere are no SMTP servers accepting connections4\\n']
https://www.google.co.in/search?q=ConocoPhillips
conocophillips.com
**** - onukwube
sssssss.sakd@conocophillips.com - Email is not valid

ben.onukwube@conocophillips.com - Email is not valid
ben.o@conocophillips.com - Email is not valid
onukwube.ben@conocophillips.com - Email is not valid
onukwube.b@conocophillips.com - Email is not valid
benonukwube@conocophillips.com - Email is not valid
ben@conocophillips.com - Email is not valid
bonukwube@conocophillips.com - Email is not valid
beno@conocophillips.com - Email is not valid
['ben.onukwube@conocophillips.com - Email is not valid', 'ben.o@conocophillips.com - Email is not valid', 'onukwube.ben@conocophillips.com - Email is not valid', 'onukwube.b@conocophillips.com - Email is not valid', 'benonukwube@conocophillips.com - Email is not valid', 'ben@conocophillips.com - Email is not valid', 'bonukwube@conocophillips.com - Email is not valid', 'beno@conocophillips.com - Email is not valid']
https://www.google.co.in/search?q=Silicon%2BLabs
silabs.com
**** - pietrzak
sssssss.sakd@silabs.com - Email is not valid

audrey.pietrzak@silabs.com - Email is not valid
audrey.p@silabs.com - Email is not valid
pietrzak.audrey@silabs.com - Email is not valid
pietrzak.a@silabs.com - Email is not valid
audreypietrzak@silabs.com - Email is not valid
audrey@silabs.com - Email is not valid
apietrzak@silabs.com - Email is not valid
audreyp@silabs.com - Email is not valid
['audrey.pietrzak@silabs.com - Email is not valid', 'audrey.p@silabs.com - Email is not valid', 'pietrzak.audrey@silabs.com - Email is not valid', 'pietrzak.a@silabs.com - Email is not valid', 'audreypietrzak@silabs.com - Email is not valid', 'audrey@silabs.com - Email is not valid', 'apietrzak@silabs.com - Email is not valid', 'audreyp@silabs.com - Email is not valid']
https://www.google.co.in/search?q=KPMG
kpmg.com
**** - manobanda
sssssss.sakd@kpmg.com - Email is not valid

lorena.manobanda@kpmg.com - Email is not valid
lorena.m@kpmg.com - Email is not valid
manobanda.lorena@kpmg.com - Email is not valid
manobanda.l@kpmg.com - Email is not valid
lorenamanobanda@kpmg.com - Email is not valid
lorena@kpmg.com - Email is not valid
lmanobanda@kpmg.com - Email is valid
lorenam@kpmg.com - Email is not valid
['lorena.manobanda@kpmg.com - Email is not valid', 'lorena.m@kpmg.com - Email is not valid', 'manobanda.lorena@kpmg.com - Email is not valid', 'manobanda.l@kpmg.com - Email is not valid', 'lorenamanobanda@kpmg.com - Email is not valid', 'lorena@kpmg.com - Email is not valid', 'lmanobanda@kpmg.com - Email is valid', 'lorenam@kpmg.com - Email is not valid']
https://www.google.co.in/search?q=Hewlett%2BPackard%2BEnterprise
en.wikipedia.org
**** - bowling
sssssss.sakd@en.wikipedia.org - Email is not validThere are no SMTP servers accepting connections4\n

lisa.bowling@en.wikipedia.org - Email is not validThere are no SMTP servers accepting connections4\n
lisa.b@en.wikipedia.org - Email is not validThere are no SMTP servers accepting connections4\n
bowling.lisa@en.wikipedia.org - Email is not validThere are no SMTP servers accepting connections4\n
bowling.l@en.wikipedia.org - Email is not validThere are no SMTP servers accepting connections4\n
lisabowling@en.wikipedia.org - Email is not validThere are no SMTP servers accepting connections4\n
lisa@en.wikipedia.org - Email is not validThere are no SMTP servers accepting connections4\n
lbowling@en.wikipedia.org - Email is not validThere are no SMTP servers accepting connections4\n
lisab@en.wikipedia.org - Email is not validThere are no SMTP servers accepting connections4\n
['lisa.bowling@en.wikipedia.org - Email is not validThere are no SMTP servers accepting connections4\\n', 'lisa.b@en.wikipedia.org - Email is not validThere are no SMTP servers accepting connections4\\n', 'bowling.lisa@en.wikipedia.org - Email is not validThere are no SMTP servers accepting connections4\\n', 'bowling.l@en.wikipedia.org - Email is not validThere are no SMTP servers accepting connections4\\n', 'lisabowling@en.wikipedia.org - Email is not validThere are no SMTP servers accepting connections4\\n', 'lisa@en.wikipedia.org - Email is not validThere are no SMTP servers accepting connections4\\n', 'lbowling@en.wikipedia.org - Email is not validThere are no SMTP servers accepting connections4\\n', 'lisab@en.wikipedia.org - Email is not validThere are no SMTP servers accepting connections4\\n']
https://www.google.co.in/search?q=Amazon
amazon.in
**** - rainwater
sssssss.sakd@amazon.in - Email is not valid

vena.rainwater@amazon.in - Email is not valid
vena.r@amazon.in - Email is not valid
rainwater.vena@amazon.in - Email is not valid
rainwater.v@amazon.in - Email is not valid
venarainwater@amazon.in - Email is not valid
vena@amazon.in - Email is not valid
vrainwater@amazon.in - Email is not valid
venar@amazon.in - Email is not valid
['vena.rainwater@amazon.in - Email is not valid', 'vena.r@amazon.in - Email is not valid', 'rainwater.vena@amazon.in - Email is not valid', 'rainwater.v@amazon.in - Email is not valid', 'venarainwater@amazon.in - Email is not valid', 'vena@amazon.in - Email is not valid', 'vrainwater@amazon.in - Email is not valid', 'venar@amazon.in - Email is not valid']
https://www.google.co.in/search?q=SailPoint%2BTechnologies
sailpoint.com
**** - myers
sssssss.sakd@sailpoint.com - Email is valid

https://www.google.co.in/search?q=DuPont%2BPioneer
pioneer.com
**** - struck
sssssss.sakd@pioneer.com - Email is not valid

jennifer.struck@pioneer.com - Email is valid
jennifer.s@pioneer.com - Email is not valid
struck.jennifer@pioneer.com - Email is not valid
struck.j@pioneer.com - Email is not validThere are no SMTP servers accepting connections4\n
jenniferstruck@pioneer.com - Email is not valid
jennifer@pioneer.com - Email is not valid
jstruck@pioneer.com - Email is not valid
jennifers@pioneer.com - Email is not valid
['jennifer.struck@pioneer.com - Email is valid', 'jennifer.s@pioneer.com - Email is not valid', 'struck.jennifer@pioneer.com - Email is not valid', 'struck.j@pioneer.com - Email is not validThere are no SMTP servers accepting connections4\\n', 'jenniferstruck@pioneer.com - Email is not valid', 'jennifer@pioneer.com - Email is not valid', 'jstruck@pioneer.com - Email is not valid', 'jennifers@pioneer.com - Email is not valid']
https://www.google.co.in/search?q=Staples
staples.com
**** - sawhill
sssssss.sakd@staples.com - Email is valid

https://www.google.co.in/search?q=Northrop%2BGrumman%2BCorporation
northropgrumman.com
**** - jimenez
sssssss.sakd@northropgrumman.com - Email is not validThere are no SMTP servers accepting connections4\n

edward.jimenez@northropgrumman.com - Email is not validThere are no SMTP servers accepting connections4\n
edward.j@northropgrumman.com - Email is not validThere are no SMTP servers accepting connections4\n
jimenez.edward@northropgrumman.com - Email is not validThere are no SMTP servers accepting connections4\n
jimenez.e@northropgrumman.com - Email is not validThere are no SMTP servers accepting connections4\n
edwardjimenez@northropgrumman.com - Email is not validThere are no SMTP servers accepting connections4\n
edward@northropgrumman.com - Email is not validThere are no SMTP servers accepting connections4\n
ejimenez@northropgrumman.com - Email is not validThere are no SMTP servers accepting connections4\n
edwardj@northropgrumman.com - Email is not validThere are no SMTP servers accepting connections4\n
['edward.jimenez@northropgrumman.com - Email is not validThere are no SMTP servers accepting connections4\\n', 'edward.j@northropgrumman.com - Email is not validThere are no SMTP servers accepting connections4\\n', 'jimenez.edward@northropgrumman.com - Email is not validThere are no SMTP servers accepting connections4\\n', 'jimenez.e@northropgrumman.com - Email is not validThere are no SMTP servers accepting connections4\\n', 'edwardjimenez@northropgrumman.com - Email is not validThere are no SMTP servers accepting connections4\\n', 'edward@northropgrumman.com - Email is not validThere are no SMTP servers accepting connections4\\n', 'ejimenez@northropgrumman.com - Email is not validThere are no SMTP servers accepting connections4\\n', 'edwardj@northropgrumman.com - Email is not validThere are no SMTP servers accepting connections4\\n']
https://www.google.co.in/search?q=Accenture
accenture.com
**** - matthews
sssssss.sakd@accenture.com - Email is valid

https://www.google.co.in/search?q=Ericsson
ericsson.com
**** - singleton
sssssss.sakd@ericsson.com - Email is valid

https://www.google.co.in/search?q=Technip
technip.com
**** - patel
sssssss.sakd@technip.com - Email is not valid

maya.patel@technip.com - Email is not valid
maya.p@technip.com - Email is not valid
patel.maya@technip.com - Email is not valid
patel.m@technip.com - Email is not valid
mayapatel@technip.com - Email is not valid
maya@technip.com - Email is not valid
mpatel@technip.com - Email is not valid
mayap@technip.com - Email is not valid
['maya.patel@technip.com - Email is not valid', 'maya.p@technip.com - Email is not valid', 'patel.maya@technip.com - Email is not valid', 'patel.m@technip.com - Email is not valid', 'mayapatel@technip.com - Email is not valid', 'maya@technip.com - Email is not valid', 'mpatel@technip.com - Email is not valid', 'mayap@technip.com - Email is not valid']
https://www.google.co.in/search?q=WorkForce%2BCentral
kronos.com
**** - sandstede
sssssss.sakd@kronos.com - Email is not validAll SMTP servers are misbehaving5\n

julie.sandstede@kronos.com - Email is not validAll SMTP servers are misbehaving5\n
julie.s@kronos.com - Email is not validAll SMTP servers are misbehaving5\n
sandstede.julie@kronos.com - Email is not validAll SMTP servers are misbehaving5\n
sandstede.j@kronos.com - Email is not validAll SMTP servers are misbehaving5\n
juliesandstede@kronos.com - Email is not validAll SMTP servers are misbehaving5\n
julie@kronos.com - Email is not validAll SMTP servers are misbehaving5\n
jsandstede@kronos.com - Email is not validAll SMTP servers are misbehaving5\n
julies@kronos.com - Email is not validAll SMTP servers are misbehaving5\n
['julie.sandstede@kronos.com - Email is not validAll SMTP servers are misbehaving5\\n', 'julie.s@kronos.com - Email is not validAll SMTP servers are misbehaving5\\n', 'sandstede.julie@kronos.com - Email is not validAll SMTP servers are misbehaving5\\n', 'sandstede.j@kronos.com - Email is not validAll SMTP servers are misbehaving5\\n', 'juliesandstede@kronos.com - Email is not validAll SMTP servers are misbehaving5\\n', 'julie@kronos.com - Email is not validAll SMTP servers are misbehaving5\\n', 'jsandstede@kronos.com - Email is not validAll SMTP servers are misbehaving5\\n', 'julies@kronos.com - Email is not validAll SMTP servers are misbehaving5\\n']
https://www.google.co.in/search?q=sssssssssssssssss
youtube.com
**** - tijerina
sssssss.sakd@youtube.com - Email is not valid

graciela.tijerina@youtube.com - Email is not valid
graciela.t@youtube.com - Email is not valid
tijerina.graciela@youtube.com - Email is not valid
tijerina.g@youtube.com - Email is not valid
gracielatijerina@youtube.com - Email is not valid
graciela@youtube.com - Email is not valid
gtijerina@youtube.com - Email is not valid
gracielat@youtube.com - Email is not valid
['graciela.tijerina@youtube.com - Email is not valid', 'graciela.t@youtube.com - Email is not valid', 'tijerina.graciela@youtube.com - Email is not valid', 'tijerina.g@youtube.com - Email is not valid', 'gracielatijerina@youtube.com - Email is not valid', 'graciela@youtube.com - Email is not valid', 'gtijerina@youtube.com - Email is not valid', 'gracielat@youtube.com - Email is not valid']
https://www.google.co.in/search?q=TEKsystems
teksystems.com
**** - peters
sssssss.sakd@teksystems.com - Email is valid

https://www.google.co.in/search?q=Kiewit
kiewit.com
**** - link,cpc
sssssss.sakd@kiewit.com - Email is valid

https://www.google.co.in/search?q=sssssssssssssssss
youtube.com
**** - m.owens
sssssss.sakd@youtube.com - Email is not valid

yolanda.m.owens@youtube.com - Email is not valid
yolanda.m@youtube.com - Email is not valid
m.owens.yolanda@youtube.com - Email is not valid
m.owens.y@youtube.com - Email is not valid
yolandam.owens@youtube.com - Email is not valid
yolanda@youtube.com - Email is not valid
ym.owens@youtube.com - Email is not valid
yolandam@youtube.com - Email is not valid
['yolanda.m.owens@youtube.com - Email is not valid', 'yolanda.m@youtube.com - Email is not valid', 'm.owens.yolanda@youtube.com - Email is not valid', 'm.owens.y@youtube.com - Email is not valid', 'yolandam.owens@youtube.com - Email is not valid', 'yolanda@youtube.com - Email is not valid', 'ym.owens@youtube.com - Email is not valid', 'yolandam@youtube.com - Email is not valid']
https://www.google.co.in/search?q=Mass%2BRelevance
spredfast.com
**** - baber
sssssss.sakd@spredfast.com - Email is not valid

sam.baber@spredfast.com - Email is not valid
sam.b@spredfast.com - Email is not valid
baber.sam@spredfast.com - Email is not valid
baber.s@spredfast.com - Email is not valid
sambaber@spredfast.com - Email is not valid
sam@spredfast.com - Email is not valid
sbaber@spredfast.com - Email is not valid
samb@spredfast.com - Email is not valid
['sam.baber@spredfast.com - Email is not valid', 'sam.b@spredfast.com - Email is not valid', 'baber.sam@spredfast.com - Email is not valid', 'baber.s@spredfast.com - Email is not valid', 'sambaber@spredfast.com - Email is not valid', 'sam@spredfast.com - Email is not valid', 'sbaber@spredfast.com - Email is not valid', 'samb@spredfast.com - Email is not valid']
https://www.google.co.in/search?q=GoDaddy
in.godaddy.com
**** - rodriguez
sssssss.sakd@in.godaddy.com - Email is not valid

rolando.rodriguez@in.godaddy.com - Email is not valid
rolando.r@in.godaddy.com - Email is not valid
rodriguez.rolando@in.godaddy.com - Email is not valid
rodriguez.r@in.godaddy.com - Email is not valid
rolandorodriguez@in.godaddy.com - Email is not valid
rolando@in.godaddy.com - Email is not valid
rrodriguez@in.godaddy.com - Email is not valid
rolandor@in.godaddy.com - Email is not valid
['rolando.rodriguez@in.godaddy.com - Email is not valid', 'rolando.r@in.godaddy.com - Email is not valid', 'rodriguez.rolando@in.godaddy.com - Email is not valid', 'rodriguez.r@in.godaddy.com - Email is not valid', 'rolandorodriguez@in.godaddy.com - Email is not valid', 'rolando@in.godaddy.com - Email is not valid', 'rrodriguez@in.godaddy.com - Email is not valid', 'rolandor@in.godaddy.com - Email is not valid']
https://www.google.co.in/search?q=Hewlett%2BPackard%2BEnterprise
en.wikipedia.org
**** - (leroch)davy
sssssss.sakd@en.wikipedia.org - Email is not validThere are no SMTP servers accepting connections4\n

allyson.(leroch)davy@en.wikipedia.org - There is a syntactical error in the email address2\n
allyson.(@en.wikipedia.org - There is a syntactical error in the email address2\n
(leroch)davy.allyson@en.wikipedia.org - There is a syntactical error in the email address2\n
(leroch)davy.a@en.wikipedia.org - There is a syntactical error in the email address2\n
allyson(leroch)davy@en.wikipedia.org - There is a syntactical error in the email address2\n
allyson@en.wikipedia.org - Email is not validThere are no SMTP servers accepting connections4\n
a(leroch)davy@en.wikipedia.org - There is a syntactical error in the email address2\n
allyson(@en.wikipedia.org - There is a syntactical error in the email address2\n
['allyson.(leroch)davy@en.wikipedia.org - There is a syntactical error in the email address2\\n', 'allyson.(@en.wikipedia.org - There is a syntactical error in the email address2\\n', '(leroch)davy.allyson@en.wikipedia.org - There is a syntactical error in the email address2\\n', '(leroch)davy.a@en.wikipedia.org - There is a syntactical error in the email address2\\n', 'allyson(leroch)davy@en.wikipedia.org - There is a syntactical error in the email address2\\n', 'allyson@en.wikipedia.org - Email is not validThere are no SMTP servers accepting connections4\\n', 'a(leroch)davy@en.wikipedia.org - There is a syntactical error in the email address2\\n', 'allyson(@en.wikipedia.org - There is a syntactical error in the email address2\\n']
https://www.google.co.in/search?q=Universum
universumglobal.com
**** - campellone
sssssss.sakd@universumglobal.com - Email is not valid

christopher.campellone@universumglobal.com - Email is not valid
christopher.c@universumglobal.com - Email is not valid
campellone.christopher@universumglobal.com - Email is not valid
campellone.c@universumglobal.com - Email is not valid
christophercampellone@universumglobal.com - Email is not valid
christopher@universumglobal.com - Email is not valid
ccampellone@universumglobal.com - Email is not valid
christopherc@universumglobal.com - Email is not valid
['christopher.campellone@universumglobal.com - Email is not valid', 'christopher.c@universumglobal.com - Email is not valid', 'campellone.christopher@universumglobal.com - Email is not valid', 'campellone.c@universumglobal.com - Email is not valid', 'christophercampellone@universumglobal.com - Email is not valid', 'christopher@universumglobal.com - Email is not valid', 'ccampellone@universumglobal.com - Email is not valid', 'christopherc@universumglobal.com - Email is not valid']
https://www.google.co.in/search?q=A%2BProfessional%2BEdge
sable-group.com
**** - giordano
sssssss.sakd@sable-group.com - Email is not valid

andrea.giordano@sable-group.com - Email is not valid
andrea.g@sable-group.com - Email is not valid
giordano.andrea@sable-group.com - Email is not valid
giordano.a@sable-group.com - Email is not valid
andreagiordano@sable-group.com - Email is not valid
andrea@sable-group.com - Email is not valid
agiordano@sable-group.com - Email is not valid
andreag@sable-group.com - Email is not valid
['andrea.giordano@sable-group.com - Email is not valid', 'andrea.g@sable-group.com - Email is not valid', 'giordano.andrea@sable-group.com - Email is not valid', 'giordano.a@sable-group.com - Email is not valid', 'andreagiordano@sable-group.com - Email is not valid', 'andrea@sable-group.com - Email is not valid', 'agiordano@sable-group.com - Email is not valid', 'andreag@sable-group.com - Email is not valid']
https://www.google.co.in/search?q=Monetate%2C%2BInc.
monetate.com
**** - palmer
sssssss.sakd@monetate.com - Email is not valid

liz.palmer@monetate.com - Email is not valid
liz.p@monetate.com - Email is not valid
palmer.liz@monetate.com - Email is not valid
palmer.l@monetate.com - Email is not valid
lizpalmer@monetate.com - Email is not valid
liz@monetate.com - Email is not valid
lpalmer@monetate.com - Email is not valid
lizp@monetate.com - Email is not valid
['liz.palmer@monetate.com - Email is not valid', 'liz.p@monetate.com - Email is not valid', 'palmer.liz@monetate.com - Email is not valid', 'palmer.l@monetate.com - Email is not valid', 'lizpalmer@monetate.com - Email is not valid', 'liz@monetate.com - Email is not valid', 'lpalmer@monetate.com - Email is not valid', 'lizp@monetate.com - Email is not valid']
https://www.google.co.in/search?q=Google
google.co.in
**** - krohn
sssssss.sakd@google.co.in - Email is not valid

jaclyn.krohn@google.co.in - Email is not valid
jaclyn.k@google.co.in - Email is not valid
krohn.jaclyn@google.co.in - Email is not valid
krohn.j@google.co.in - Email is not valid
jaclynkrohn@google.co.in - Email is not valid
jaclyn@google.co.in - Email is not valid
jkrohn@google.co.in - Email is not valid
jaclynk@google.co.in - Email is not valid
['jaclyn.krohn@google.co.in - Email is not valid', 'jaclyn.k@google.co.in - Email is not valid', 'krohn.jaclyn@google.co.in - Email is not valid', 'krohn.j@google.co.in - Email is not valid', 'jaclynkrohn@google.co.in - Email is not valid', 'jaclyn@google.co.in - Email is not valid', 'jkrohn@google.co.in - Email is not valid', 'jaclynk@google.co.in - Email is not valid']
https://www.google.co.in/search?q=Ultimate%2BSoftware
ultimatesoftware.com
**** - tobon
sssssss.sakd@ultimatesoftware.com - Email is not valid

maritza.tobon@ultimatesoftware.com - Email is not valid
maritza.t@ultimatesoftware.com - Email is not valid
tobon.maritza@ultimatesoftware.com - Email is not valid
tobon.m@ultimatesoftware.com - Email is not valid
maritzatobon@ultimatesoftware.com - Email is not valid
maritza@ultimatesoftware.com - Email is not valid
mtobon@ultimatesoftware.com - Email is not valid
maritzat@ultimatesoftware.com - Email is not valid
['maritza.tobon@ultimatesoftware.com - Email is not valid', 'maritza.t@ultimatesoftware.com - Email is not valid', 'tobon.maritza@ultimatesoftware.com - Email is not valid', 'tobon.m@ultimatesoftware.com - Email is not valid', 'maritzatobon@ultimatesoftware.com - Email is not valid', 'maritza@ultimatesoftware.com - Email is not valid', 'mtobon@ultimatesoftware.com - Email is not valid', 'maritzat@ultimatesoftware.com - Email is not valid']
https://www.google.co.in/search?q=Parsons
newschool.edu
**** - bovee
sssssss.sakd@newschool.edu - Email is not valid

stephen.bovee@newschool.edu - Email is not valid
stephen.b@newschool.edu - Email is not valid
bovee.stephen@newschool.edu - Email is not valid
bovee.s@newschool.edu - Email is not valid
stephenbovee@newschool.edu - Email is not valid
stephen@newschool.edu - Email is not valid
sbovee@newschool.edu - Email is not valid
stephenb@newschool.edu - Email is not valid
['stephen.bovee@newschool.edu - Email is not valid', 'stephen.b@newschool.edu - Email is not valid', 'bovee.stephen@newschool.edu - Email is not valid', 'bovee.s@newschool.edu - Email is not valid', 'stephenbovee@newschool.edu - Email is not valid', 'stephen@newschool.edu - Email is not valid', 'sbovee@newschool.edu - Email is not valid', 'stephenb@newschool.edu - Email is not valid']
https://www.google.co.in/search?q=Amazon
amazon.in
**** - garrido
sssssss.sakd@amazon.in - Email is not valid

stephanie.garrido@amazon.in - Email is not valid
stephanie.g@amazon.in - Email is not valid
garrido.stephanie@amazon.in - Email is not valid
garrido.s@amazon.in - Email is not valid
stephaniegarrido@amazon.in - Email is not valid
stephanie@amazon.in - Email is not valid
sgarrido@amazon.in - Email is not valid
stephanieg@amazon.in - Email is not valid
['stephanie.garrido@amazon.in - Email is not valid', 'stephanie.g@amazon.in - Email is not valid', 'garrido.stephanie@amazon.in - Email is not valid', 'garrido.s@amazon.in - Email is not valid', 'stephaniegarrido@amazon.in - Email is not valid', 'stephanie@amazon.in - Email is not valid', 'sgarrido@amazon.in - Email is not valid', 'stephanieg@amazon.in - Email is not valid']
https://www.google.co.in/search?q=Randstad%2BSourceright%2BUS%2Bfor%2BHoneywell
randstadsourceright.com
**** - l.smithbreitbach
sssssss.sakd@randstadsourceright.com - Email is not valid

victoria.l.smithbreitbach@randstadsourceright.com - Email is not valid
victoria.l@randstadsourceright.com - Email is not valid
l.smithbreitbach.victoria@randstadsourceright.com - Email is not valid
l.smithbreitbach.v@randstadsourceright.com - Email is not valid
victorial.smithbreitbach@randstadsourceright.com - Email is not valid
victoria@randstadsourceright.com - Email is not valid
vl.smithbreitbach@randstadsourceright.com - Email is not valid
victorial@randstadsourceright.com - Email is not valid
['victoria.l.smithbreitbach@randstadsourceright.com - Email is not valid', 'victoria.l@randstadsourceright.com - Email is not valid', 'l.smithbreitbach.victoria@randstadsourceright.com - Email is not valid', 'l.smithbreitbach.v@randstadsourceright.com - Email is not valid', 'victorial.smithbreitbach@randstadsourceright.com - Email is not valid', 'victoria@randstadsourceright.com - Email is not valid', 'vl.smithbreitbach@randstadsourceright.com - Email is not valid', 'victorial@randstadsourceright.com - Email is not valid']
https://www.google.co.in/search?q=The%2BHartford
thehartford.com
**** - coates
sssssss.sakd@thehartford.com - Email is valid

https://www.google.co.in/search?q=Credit%2BSuisse
credit-suisse.com
**** - anthonycaporiccio
sssssss.sakd@credit-suisse.com - Email is not valid

marc.anthonycaporiccio@credit-suisse.com - Email is not valid
marc.a@credit-suisse.com - Email is not valid
anthonycaporiccio.marc@credit-suisse.com - Email is not valid
anthonycaporiccio.m@credit-suisse.com - Email is not valid
marcanthonycaporiccio@credit-suisse.com - Email is not valid
marc@credit-suisse.com - Email is not valid
manthonycaporiccio@credit-suisse.com - Email is not valid
marca@credit-suisse.com - Email is not valid
['marc.anthonycaporiccio@credit-suisse.com - Email is not valid', 'marc.a@credit-suisse.com - Email is not valid', 'anthonycaporiccio.marc@credit-suisse.com - Email is not valid', 'anthonycaporiccio.m@credit-suisse.com - Email is not valid', 'marcanthonycaporiccio@credit-suisse.com - Email is not valid', 'marc@credit-suisse.com - Email is not valid', 'manthonycaporiccio@credit-suisse.com - Email is not valid', 'marca@credit-suisse.com - Email is not valid']
https://www.google.co.in/search?q=CA%2BTechnologies
ca.com
**** - cocco
sssssss.sakd@ca.com - Email is not valid

marianne.cocco@ca.com - Email is valid
marianne.c@ca.com - Email is not valid
cocco.marianne@ca.com - Email is not valid
cocco.m@ca.com - Email is not valid
mariannecocco@ca.com - Email is not valid
marianne@ca.com - Email is not valid
mcocco@ca.com - Email is not valid
mariannec@ca.com - Email is not valid
['marianne.cocco@ca.com - Email is valid', 'marianne.c@ca.com - Email is not valid', 'cocco.marianne@ca.com - Email is not valid', 'cocco.m@ca.com - Email is not valid', 'mariannecocco@ca.com - Email is not valid', 'marianne@ca.com - Email is not valid', 'mcocco@ca.com - Email is not valid', 'mariannec@ca.com - Email is not valid']
https://www.google.co.in/search?q=Superior%2BGroup
superiorgroup.in
**** - hale
sssssss.sakd@superiorgroup.in - Email is not valid

chesha.hale@superiorgroup.in - Email is not valid
chesha.h@superiorgroup.in - Email is not valid
hale.chesha@superiorgroup.in - Email is not valid
hale.c@superiorgroup.in - Email is not valid
cheshahale@superiorgroup.in - Email is not valid
chesha@superiorgroup.in - Email is not valid
chale@superiorgroup.in - Email is not valid
cheshah@superiorgroup.in - Email is not valid
['chesha.hale@superiorgroup.in - Email is not valid', 'chesha.h@superiorgroup.in - Email is not valid', 'hale.chesha@superiorgroup.in - Email is not valid', 'hale.c@superiorgroup.in - Email is not valid', 'cheshahale@superiorgroup.in - Email is not valid', 'chesha@superiorgroup.in - Email is not valid', 'chale@superiorgroup.in - Email is not valid', 'cheshah@superiorgroup.in - Email is not valid']
https://www.google.co.in/search?q=Aetna
aetna.com
**** - soto
sssssss.sakd@aetna.com - Email is valid

https://www.google.co.in/search?q=Randstad%2BSourceright%2BUS%2Bfor%2BHoneywell
randstadsourceright.com
**** - l.clark
sssssss.sakd@randstadsourceright.com - Email is not valid

mark.l.clark@randstadsourceright.com - Email is not valid
mark.l@randstadsourceright.com - Email is not valid
l.clark.mark@randstadsourceright.com - Email is not valid
l.clark.m@randstadsourceright.com - Email is not valid
markl.clark@randstadsourceright.com - Email is not valid
mark@randstadsourceright.com - Email is not valid
ml.clark@randstadsourceright.com - Email is not valid
markl@randstadsourceright.com - Email is not valid
['mark.l.clark@randstadsourceright.com - Email is not valid', 'mark.l@randstadsourceright.com - Email is not valid', 'l.clark.mark@randstadsourceright.com - Email is not valid', 'l.clark.m@randstadsourceright.com - Email is not valid', 'markl.clark@randstadsourceright.com - Email is not valid', 'mark@randstadsourceright.com - Email is not valid', 'ml.clark@randstadsourceright.com - Email is not valid', 'markl@randstadsourceright.com - Email is not valid']
https://www.google.co.in/search?q=Aetna
aetna.com
**** - lefebvre
sssssss.sakd@aetna.com - Email is valid

https://www.google.co.in/search?q=AIG
aig.com
**** - gruverman
sssssss.sakd@aig.com - Email is valid

https://www.google.co.in/search?q=NetSuite
netsuite.com
**** - raynor
sssssss.sakd@netsuite.com - Email is not valid

benjamin.raynor@netsuite.com - Email is not valid
benjamin.r@netsuite.com - Email is not valid
raynor.benjamin@netsuite.com - Email is not valid
raynor.b@netsuite.com - Email is not valid
benjaminraynor@netsuite.com - Email is not valid
benjamin@netsuite.com - Email is not valid
braynor@netsuite.com - Email is not valid
benjaminr@netsuite.com - Email is not valid
['benjamin.raynor@netsuite.com - Email is not valid', 'benjamin.r@netsuite.com - Email is not valid', 'raynor.benjamin@netsuite.com - Email is not valid', 'raynor.b@netsuite.com - Email is not valid', 'benjaminraynor@netsuite.com - Email is not valid', 'benjamin@netsuite.com - Email is not valid', 'braynor@netsuite.com - Email is not valid', 'benjaminr@netsuite.com - Email is not valid']
https://www.google.co.in/search?q=Randstad%2BSourceright%2BUS
randstadsourceright.com
**** - mendoza,ice
sssssss.sakd@randstadsourceright.com - Email is not valid

cristina.mendoza,ice@randstadsourceright.com - There is a syntactical error in the email address2\n
cristina.m@randstadsourceright.com - Email is not valid
mendoza,ice.cristina@randstadsourceright.com - There is a syntactical error in the email address2\n
mendoza,ice.c@randstadsourceright.com - There is a syntactical error in the email address2\n
cristinamendoza,ice@randstadsourceright.com - There is a syntactical error in the email address2\n
cristina@randstadsourceright.com - Email is not valid
cmendoza,ice@randstadsourceright.com - There is a syntactical error in the email address2\n
cristinam@randstadsourceright.com - Email is not valid
['cristina.mendoza,ice@randstadsourceright.com - There is a syntactical error in the email address2\\n', 'cristina.m@randstadsourceright.com - Email is not valid', 'mendoza,ice.cristina@randstadsourceright.com - There is a syntactical error in the email address2\\n', 'mendoza,ice.c@randstadsourceright.com - There is a syntactical error in the email address2\\n', 'cristinamendoza,ice@randstadsourceright.com - There is a syntactical error in the email address2\\n', 'cristina@randstadsourceright.com - Email is not valid', 'cmendoza,ice@randstadsourceright.com - There is a syntactical error in the email address2\\n', 'cristinam@randstadsourceright.com - Email is not valid']
https://www.google.co.in/search?q=Casa%2BSystems%2C%2BInc.
casa-systems.com
**** - gerraughty
sssssss.sakd@casa-systems.com - Email is valid

https://www.google.co.in/search?q=Year%2BUp
yearup.org
**** - woodm.ed.
sssssss.sakd@yearup.org - Email is not valid

christina.woodm.ed.@yearup.org - Email is not valid
christina.w@yearup.org - Email is not valid
woodm.ed..christina@yearup.org - Email is not valid
woodm.ed..c@yearup.org - Email is not valid
christinawoodm.ed.@yearup.org - Email is not valid
christina@yearup.org - Email is not valid
cwoodm.ed.@yearup.org - Email is not valid
christinaw@yearup.org - Email is not valid
['christina.woodm.ed.@yearup.org - Email is not valid', 'christina.w@yearup.org - Email is not valid', 'woodm.ed..christina@yearup.org - Email is not valid', 'woodm.ed..c@yearup.org - Email is not valid', 'christinawoodm.ed.@yearup.org - Email is not valid', 'christina@yearup.org - Email is not valid', 'cwoodm.ed.@yearup.org - Email is not valid', 'christinaw@yearup.org - Email is not valid']
https://www.google.co.in/search?q=NYC%2BTransit%2BAuthority
mta.info
**** - o'connor
sssssss.sakd@mta.info - Email is valid

https://www.google.co.in/search?q=HUNTER%2BTechnical%2BResources%2C%2BLLC
htrjobs.com
**** - kling
sssssss.sakd@htrjobs.com - Email is valid

https://www.google.co.in/search?q=Automobile%2BClub%2Bof%2BSouthern%2BCalifornia
calif.aaa.com
**** - toth
sssssss.sakd@calif.aaa.com - Email is not validThere are no SMTP servers accepting connections4\n

carly.toth@calif.aaa.com - Email is not validThere are no SMTP servers accepting connections4\n
carly.t@calif.aaa.com - Email is not validThere are no SMTP servers accepting connections4\n
toth.carly@calif.aaa.com - Email is not validThere are no SMTP servers accepting connections4\n
toth.c@calif.aaa.com - Email is not validThere are no SMTP servers accepting connections4\n
carlytoth@calif.aaa.com - Email is not validThere are no SMTP servers accepting connections4\n
carly@calif.aaa.com - Email is not validThere are no SMTP servers accepting connections4\n
ctoth@calif.aaa.com - Email is not validThere are no SMTP servers accepting connections4\n
carlyt@calif.aaa.com - Email is not validThere are no SMTP servers accepting connections4\n
['carly.toth@calif.aaa.com - Email is not validThere are no SMTP servers accepting connections4\\n', 'carly.t@calif.aaa.com - Email is not validThere are no SMTP servers accepting connections4\\n', 'toth.carly@calif.aaa.com - Email is not validThere are no SMTP servers accepting connections4\\n', 'toth.c@calif.aaa.com - Email is not validThere are no SMTP servers accepting connections4\\n', 'carlytoth@calif.aaa.com - Email is not validThere are no SMTP servers accepting connections4\\n', 'carly@calif.aaa.com - Email is not validThere are no SMTP servers accepting connections4\\n', 'ctoth@calif.aaa.com - Email is not validThere are no SMTP servers accepting connections4\\n', 'carlyt@calif.aaa.com - Email is not validThere are no SMTP servers accepting connections4\\n']
https://www.google.co.in/search?q=Kaiser%2BPermanente
kaiserpermanente.org
**** - argate
sssssss.sakd@kaiserpermanente.org - Email is not validThere are no SMTP servers accepting connections4\n

chris.argate@kaiserpermanente.org - Email is not validThere are no SMTP servers accepting connections4\n
chris.a@kaiserpermanente.org - Email is not validThere are no SMTP servers accepting connections4\n
argate.chris@kaiserpermanente.org - Email is not validThere are no SMTP servers accepting connections4\n
argate.c@kaiserpermanente.org - Email is not validThere are no SMTP servers accepting connections4\n
chrisargate@kaiserpermanente.org - Email is not validThere are no SMTP servers accepting connections4\n
chris@kaiserpermanente.org - Email is not validThere are no SMTP servers accepting connections4\n
cargate@kaiserpermanente.org - Email is not validThere are no SMTP servers accepting connections4\n
chrisa@kaiserpermanente.org - Email is not validThere are no SMTP servers accepting connections4\n
['chris.argate@kaiserpermanente.org - Email is not validThere are no SMTP servers accepting connections4\\n', 'chris.a@kaiserpermanente.org - Email is not validThere are no SMTP servers accepting connections4\\n', 'argate.chris@kaiserpermanente.org - Email is not validThere are no SMTP servers accepting connections4\\n', 'argate.c@kaiserpermanente.org - Email is not validThere are no SMTP servers accepting connections4\\n', 'chrisargate@kaiserpermanente.org - Email is not validThere are no SMTP servers accepting connections4\\n', 'chris@kaiserpermanente.org - Email is not validThere are no SMTP servers accepting connections4\\n', 'cargate@kaiserpermanente.org - Email is not validThere are no SMTP servers accepting connections4\\n', 'chrisa@kaiserpermanente.org - Email is not validThere are no SMTP servers accepting connections4\\n']
https://www.google.co.in/search?q=Northrop%2BGrumman%2BCorporation
northropgrumman.com
**** - marek
sssssss.sakd@northropgrumman.com - Email is not validThere are no SMTP servers accepting connections4\n

amy.marek@northropgrumman.com - Email is not validThere are no SMTP servers accepting connections4\n
amy.m@northropgrumman.com - Email is not validThere are no SMTP servers accepting connections4\n
marek.amy@northropgrumman.com - Email is not validThere are no SMTP servers accepting connections4\n
marek.a@northropgrumman.com - Email is not validThere are no SMTP servers accepting connections4\n
amymarek@northropgrumman.com - Email is not validThere are no SMTP servers accepting connections4\n
amy@northropgrumman.com - Email is not validThere are no SMTP servers accepting connections4\n
amarek@northropgrumman.com - Email is not validThere are no SMTP servers accepting connections4\n
amym@northropgrumman.com - Email is not validThere are no SMTP servers accepting connections4\n
['amy.marek@northropgrumman.com - Email is not validThere are no SMTP servers accepting connections4\\n', 'amy.m@northropgrumman.com - Email is not validThere are no SMTP servers accepting connections4\\n', 'marek.amy@northropgrumman.com - Email is not validThere are no SMTP servers accepting connections4\\n', 'marek.a@northropgrumman.com - Email is not validThere are no SMTP servers accepting connections4\\n', 'amymarek@northropgrumman.com - Email is not validThere are no SMTP servers accepting connections4\\n', 'amy@northropgrumman.com - Email is not validThere are no SMTP servers accepting connections4\\n', 'amarek@northropgrumman.com - Email is not validThere are no SMTP servers accepting connections4\\n', 'amym@northropgrumman.com - Email is not validThere are no SMTP servers accepting connections4\\n']
https://www.google.co.in/search?q=Northrop%2BGrumman
northropgrumman.com
**** - gore
sssssss.sakd@northropgrumman.com - Email is not validThere are no SMTP servers accepting connections4\n

alysia.gore@northropgrumman.com - Email is not validThere are no SMTP servers accepting connections4\n
alysia.g@northropgrumman.com - Email is not validThere are no SMTP servers accepting connections4\n
gore.alysia@northropgrumman.com - Email is not validThere are no SMTP servers accepting connections4\n
gore.a@northropgrumman.com - Email is not validThere are no SMTP servers accepting connections4\n
alysiagore@northropgrumman.com - Email is not validThere are no SMTP servers accepting connections4\n
alysia@northropgrumman.com - Email is not validThere are no SMTP servers accepting connections4\n
agore@northropgrumman.com - Email is not validThere are no SMTP servers accepting connections4\n
alysiag@northropgrumman.com - Email is not validThere are no SMTP servers accepting connections4\n
['alysia.gore@northropgrumman.com - Email is not validThere are no SMTP servers accepting connections4\\n', 'alysia.g@northropgrumman.com - Email is not validThere are no SMTP servers accepting connections4\\n', 'gore.alysia@northropgrumman.com - Email is not validThere are no SMTP servers accepting connections4\\n', 'gore.a@northropgrumman.com - Email is not validThere are no SMTP servers accepting connections4\\n', 'alysiagore@northropgrumman.com - Email is not validThere are no SMTP servers accepting connections4\\n', 'alysia@northropgrumman.com - Email is not validThere are no SMTP servers accepting connections4\\n', 'agore@northropgrumman.com - Email is not validThere are no SMTP servers accepting connections4\\n', 'alysiag@northropgrumman.com - Email is not validThere are no SMTP servers accepting connections4\\n']
https://www.google.co.in/search?q=Brick%2BElm%2C%2BInc.
itunes.apple.com
**** - evans
sssssss.sakd@itunes.apple.com - Email is not validThere are no SMTP servers accepting connections4\n

lesa.evans@itunes.apple.com - Email is not validThere are no SMTP servers accepting connections4\n
lesa.e@itunes.apple.com - Email is not validThere are no SMTP servers accepting connections4\n
evans.lesa@itunes.apple.com - Email is not validThere are no SMTP servers accepting connections4\n
evans.l@itunes.apple.com - Email is not validThere are no SMTP servers accepting connections4\n
lesaevans@itunes.apple.com - Email is not validThere are no SMTP servers accepting connections4\n
lesa@itunes.apple.com - Email is not validThere are no SMTP servers accepting connections4\n
levans@itunes.apple.com - Email is not validThere are no SMTP servers accepting connections4\n
lesae@itunes.apple.com - Email is not validThere are no SMTP servers accepting connections4\n
['lesa.evans@itunes.apple.com - Email is not validThere are no SMTP servers accepting connections4\\n', 'lesa.e@itunes.apple.com - Email is not validThere are no SMTP servers accepting connections4\\n', 'evans.lesa@itunes.apple.com - Email is not validThere are no SMTP servers accepting connections4\\n', 'evans.l@itunes.apple.com - Email is not validThere are no SMTP servers accepting connections4\\n', 'lesaevans@itunes.apple.com - Email is not validThere are no SMTP servers accepting connections4\\n', 'lesa@itunes.apple.com - Email is not validThere are no SMTP servers accepting connections4\\n', 'levans@itunes.apple.com - Email is not validThere are no SMTP servers accepting connections4\\n', 'lesae@itunes.apple.com - Email is not validThere are no SMTP servers accepting connections4\\n']
https://www.google.co.in/search?q=sssssssssssssssss
youtube.com
**** - jamil
sssssss.sakd@youtube.com - Email is not valid

iram.jamil@youtube.com - Email is not valid
iram.j@youtube.com - Email is not valid
jamil.iram@youtube.com - Email is not valid
jamil.i@youtube.com - Email is not valid
iramjamil@youtube.com - Email is not valid
iram@youtube.com - Email is not valid
ijamil@youtube.com - Email is not valid
iramj@youtube.com - Email is not valid
['iram.jamil@youtube.com - Email is not valid', 'iram.j@youtube.com - Email is not valid', 'jamil.iram@youtube.com - Email is not valid', 'jamil.i@youtube.com - Email is not valid', 'iramjamil@youtube.com - Email is not valid', 'iram@youtube.com - Email is not valid', 'ijamil@youtube.com - Email is not valid', 'iramj@youtube.com - Email is not valid']
https://www.google.co.in/search?q=Citrix
citrix-india.com
**** - pech
sssssss.sakd@citrix-india.com - Email is not valid

malina.pech@citrix-india.com - Email is not valid
malina.p@citrix-india.com - Email is not valid
pech.malina@citrix-india.com - Email is not valid
pech.m@citrix-india.com - Email is not valid
malinapech@citrix-india.com - Email is not valid
malina@citrix-india.com - Email is not valid
mpech@citrix-india.com - Email is not valid
malinap@citrix-india.com - Email is not valid
['malina.pech@citrix-india.com - Email is not valid', 'malina.p@citrix-india.com - Email is not valid', 'pech.malina@citrix-india.com - Email is not valid', 'pech.m@citrix-india.com - Email is not valid', 'malinapech@citrix-india.com - Email is not valid', 'malina@citrix-india.com - Email is not valid', 'mpech@citrix-india.com - Email is not valid', 'malinap@citrix-india.com - Email is not valid']
https://www.google.co.in/search?q=TEKsystems
teksystems.com
**** - wilson
sssssss.sakd@teksystems.com - Email is valid

https://www.google.co.in/search?q=Slack
slack.com
**** - simon
sssssss.sakd@slack.com - Email is not valid

jeunee.simon@slack.com - Email is not valid
jeunee.s@slack.com - Email is not valid
simon.jeunee@slack.com - Email is not valid
simon.j@slack.com - Email is not valid
jeuneesimon@slack.com - Email is not valid
jeunee@slack.com - Email is not valid
jsimon@slack.com - Email is not valid
jeunees@slack.com - Email is not valid
['jeunee.simon@slack.com - Email is not valid', 'jeunee.s@slack.com - Email is not valid', 'simon.jeunee@slack.com - Email is not valid', 'simon.j@slack.com - Email is not valid', 'jeuneesimon@slack.com - Email is not valid', 'jeunee@slack.com - Email is not valid', 'jsimon@slack.com - Email is not valid', 'jeunees@slack.com - Email is not valid']
https://www.google.co.in/search?q=Silicon%2BValley%2BBank
svb.com
**** - lockhart,bsb/hrm
sssssss.sakd@svb.com - Email is valid

https://www.google.co.in/search?q=AeroVironment
avinc.com
**** - trenhamdavis,phr
sssssss.sakd@avinc.com - Email is not valid

tracy.trenhamdavis,phr@avinc.com - There is a syntactical error in the email address2\n
tracy.t@avinc.com - Email is not valid
trenhamdavis,phr.tracy@avinc.com - There is a syntactical error in the email address2\n
trenhamdavis,phr.t@avinc.com - There is a syntactical error in the email address2\n
tracytrenhamdavis,phr@avinc.com - There is a syntactical error in the email address2\n
tracy@avinc.com - Email is not valid
ttrenhamdavis,phr@avinc.com - There is a syntactical error in the email address2\n
tracyt@avinc.com - Email is not valid
['tracy.trenhamdavis,phr@avinc.com - There is a syntactical error in the email address2\\n', 'tracy.t@avinc.com - Email is not valid', 'trenhamdavis,phr.tracy@avinc.com - There is a syntactical error in the email address2\\n', 'trenhamdavis,phr.t@avinc.com - There is a syntactical error in the email address2\\n', 'tracytrenhamdavis,phr@avinc.com - There is a syntactical error in the email address2\\n', 'tracy@avinc.com - Email is not valid', 'ttrenhamdavis,phr@avinc.com - There is a syntactical error in the email address2\\n', 'tracyt@avinc.com - Email is not valid']
https://www.google.co.in/search?q=sssssssssssssssss
youtube.com
**** - flynn
sssssss.sakd@youtube.com - Email is not valid

gina.flynn@youtube.com - Email is not valid
gina.f@youtube.com - Email is not valid
flynn.gina@youtube.com - Email is not valid
flynn.g@youtube.com - Email is not valid
ginaflynn@youtube.com - Email is not valid
gina@youtube.com - Email is not valid
gflynn@youtube.com - Email is not valid
ginaf@youtube.com - Email is not valid
['gina.flynn@youtube.com - Email is not valid', 'gina.f@youtube.com - Email is not valid', 'flynn.gina@youtube.com - Email is not valid', 'flynn.g@youtube.com - Email is not valid', 'ginaflynn@youtube.com - Email is not valid', 'gina@youtube.com - Email is not valid', 'gflynn@youtube.com - Email is not valid', 'ginaf@youtube.com - Email is not valid']
https://www.google.co.in/search?q=Brocade
brocade.com
**** - hackman-salazar
sssssss.sakd@brocade.com - Email is not valid

jessica.hackman-salazar@brocade.com - Email is valid
jessica.h@brocade.com - Email is not valid
hackman-salazar.jessica@brocade.com - Email is not valid
hackman-salazar.j@brocade.com - Email is not valid
jessicahackman-salazar@brocade.com - Email is not valid
jessica@brocade.com - Email is valid
jhackman-salazar@brocade.com - Email is not valid
jessicah@brocade.com - Email is not valid
['jessica.hackman-salazar@brocade.com - Email is valid', 'jessica.h@brocade.com - Email is not valid', 'hackman-salazar.jessica@brocade.com - Email is not valid', 'hackman-salazar.j@brocade.com - Email is not valid', 'jessicahackman-salazar@brocade.com - Email is not valid', 'jessica@brocade.com - Email is valid', 'jhackman-salazar@brocade.com - Email is not valid', 'jessicah@brocade.com - Email is not valid']
https://www.google.co.in/search?q=Kaiser%2BPermanente
kaiserpermanente.org
**** - bannister
sssssss.sakd@kaiserpermanente.org - Email is not validThere are no SMTP servers accepting connections4\n

nellie.bannister@kaiserpermanente.org - Email is not validThere are no SMTP servers accepting connections4\n
nellie.b@kaiserpermanente.org - Email is not validThere are no SMTP servers accepting connections4\n
bannister.nellie@kaiserpermanente.org - Email is not validThere are no SMTP servers accepting connections4\n
bannister.n@kaiserpermanente.org - Email is not validThere are no SMTP servers accepting connections4\n
nelliebannister@kaiserpermanente.org - Email is not validThere are no SMTP servers accepting connections4\n
nellie@kaiserpermanente.org - Email is not validThere are no SMTP servers accepting connections4\n
nbannister@kaiserpermanente.org - Email is not validThere are no SMTP servers accepting connections4\n
nellieb@kaiserpermanente.org - Email is not validThere are no SMTP servers accepting connections4\n
['nellie.bannister@kaiserpermanente.org - Email is not validThere are no SMTP servers accepting connections4\\n', 'nellie.b@kaiserpermanente.org - Email is not validThere are no SMTP servers accepting connections4\\n', 'bannister.nellie@kaiserpermanente.org - Email is not validThere are no SMTP servers accepting connections4\\n', 'bannister.n@kaiserpermanente.org - Email is not validThere are no SMTP servers accepting connections4\\n', 'nelliebannister@kaiserpermanente.org - Email is not validThere are no SMTP servers accepting connections4\\n', 'nellie@kaiserpermanente.org - Email is not validThere are no SMTP servers accepting connections4\\n', 'nbannister@kaiserpermanente.org - Email is not validThere are no SMTP servers accepting connections4\\n', 'nellieb@kaiserpermanente.org - Email is not validThere are no SMTP servers accepting connections4\\n']
https://www.google.co.in/search?q=KPMG%2BUS
kpmg.com
**** - o'connor
sssssss.sakd@kpmg.com - Email is not valid

kristine.o'connor@kpmg.com - There is a syntactical error in the email address2\n
kristine.o@kpmg.com - Email is not valid
o'connor.kristine@kpmg.com - There is a syntactical error in the email address2\n
o'connor.k@kpmg.com - There is a syntactical error in the email address2\n
kristineo'connor@kpmg.com - There is a syntactical error in the email address2\n
kristine@kpmg.com - Email is not valid
ko'connor@kpmg.com - There is a syntactical error in the email address2\n
kristineo@kpmg.com - Email is not valid
["kristine.o'connor@kpmg.com - There is a syntactical error in the email address2\\n", 'kristine.o@kpmg.com - Email is not valid', "o'connor.kristine@kpmg.com - There is a syntactical error in the email address2\\n", "o'connor.k@kpmg.com - There is a syntactical error in the email address2\\n", "kristineo'connor@kpmg.com - There is a syntactical error in the email address2\\n", 'kristine@kpmg.com - Email is not valid', "ko'connor@kpmg.com - There is a syntactical error in the email address2\\n", 'kristineo@kpmg.com - Email is not valid']
https://www.google.co.in/search?q=Ross%2BStores%2C%2BInc.
rossstores.com
**** - lovett
sssssss.sakd@rossstores.com - Email is not validThere are no SMTP servers accepting connections4\n

lindsay.lovett@rossstores.com - Email is not validThere are no SMTP servers accepting connections4\n
lindsay.l@rossstores.com - Email is not validThere are no SMTP servers accepting connections4\n
lovett.lindsay@rossstores.com - Email is not validThere are no SMTP servers accepting connections4\n
lovett.l@rossstores.com - Email is not validThere are no SMTP servers accepting connections4\n
lindsaylovett@rossstores.com - Email is not validThere are no SMTP servers accepting connections4\n
lindsay@rossstores.com - Email is not validThere are no SMTP servers accepting connections4\n
llovett@rossstores.com - Email is not validThere are no SMTP servers accepting connections4\n
lindsayl@rossstores.com - Email is not validThere are no SMTP servers accepting connections4\n
['lindsay.lovett@rossstores.com - Email is not validThere are no SMTP servers accepting connections4\\n', 'lindsay.l@rossstores.com - Email is not validThere are no SMTP servers accepting connections4\\n', 'lovett.lindsay@rossstores.com - Email is not validThere are no SMTP servers accepting connections4\\n', 'lovett.l@rossstores.com - Email is not validThere are no SMTP servers accepting connections4\\n', 'lindsaylovett@rossstores.com - Email is not validThere are no SMTP servers accepting connections4\\n', 'lindsay@rossstores.com - Email is not validThere are no SMTP servers accepting connections4\\n', 'llovett@rossstores.com - Email is not validThere are no SMTP servers accepting connections4\\n', 'lindsayl@rossstores.com - Email is not validThere are no SMTP servers accepting connections4\\n']
https://www.google.co.in/search?q=Apple
apple.com
**** - gallagher
sssssss.sakd@apple.com - Email is valid

https://www.google.co.in/search?q=KPMG%2BLLP
kpmg.com
**** - hinckley-christie
sssssss.sakd@kpmg.com - Email is not valid

marsha.hinckley-christie@kpmg.com - Email is not valid
marsha.h@kpmg.com - Email is not valid
hinckley-christie.marsha@kpmg.com - Email is not valid
hinckley-christie.m@kpmg.com - Email is not valid
marshahinckley-christie@kpmg.com - Email is not valid
marsha@kpmg.com - Email is not valid
mhinckley-christie@kpmg.com - Email is not valid
marshah@kpmg.com - Email is not valid
['marsha.hinckley-christie@kpmg.com - Email is not valid', 'marsha.h@kpmg.com - Email is not valid', 'hinckley-christie.marsha@kpmg.com - Email is not valid', 'hinckley-christie.m@kpmg.com - Email is not valid', 'marshahinckley-christie@kpmg.com - Email is not valid', 'marsha@kpmg.com - Email is not valid', 'mhinckley-christie@kpmg.com - Email is not valid', 'marshah@kpmg.com - Email is not valid']
https://www.google.co.in/search?q=Thermo%2BFisher
thermofisher.com
**** - digilio
sssssss.sakd@thermofisher.com - Email is valid

https://www.google.co.in/search?q=FireEye%2C%2BInc.
fireeye.com
**** - bathija
sssssss.sakd@fireeye.com - Email is not valid

ekta.bathija@fireeye.com - Email is valid
ekta.b@fireeye.com - Email is not valid
bathija.ekta@fireeye.com - Email is not valid
bathija.e@fireeye.com - Email is not valid
ektabathija@fireeye.com - Email is not valid
ekta@fireeye.com - Email is not valid
ebathija@fireeye.com - Email is not valid
ektab@fireeye.com - Email is not valid
['ekta.bathija@fireeye.com - Email is valid', 'ekta.b@fireeye.com - Email is not valid', 'bathija.ekta@fireeye.com - Email is not valid', 'bathija.e@fireeye.com - Email is not valid', 'ektabathija@fireeye.com - Email is not valid', 'ekta@fireeye.com - Email is not valid', 'ebathija@fireeye.com - Email is not valid', 'ektab@fireeye.com - Email is not valid']
https://www.google.co.in/search?q=Apttus
apttus.com
**** - "charlie"davis
sssssss.sakd@apttus.com - Email is valid

https://www.google.co.in/search?q=Dolby%2BLaboratories
dolby.com
**** - delapena
sssssss.sakd@dolby.com - Email is not valid

charlene.delapena@dolby.com - Email is valid
charlene.d@dolby.com - Email is not valid
delapena.charlene@dolby.com - Email is not valid
delapena.c@dolby.com - Email is not valid
charlenedelapena@dolby.com - Email is not valid
charlene@dolby.com - Email is not valid
cdelapena@dolby.com - Email is not valid
charlened@dolby.com - Email is not valid
['charlene.delapena@dolby.com - Email is valid', 'charlene.d@dolby.com - Email is not valid', 'delapena.charlene@dolby.com - Email is not valid', 'delapena.c@dolby.com - Email is not valid', 'charlenedelapena@dolby.com - Email is not valid', 'charlene@dolby.com - Email is not valid', 'cdelapena@dolby.com - Email is not valid', 'charlened@dolby.com - Email is not valid']
https://www.google.co.in/search?q=WePay%2C%2BInc.
wepay.com
**** - pham
sssssss.sakd@wepay.com - Email is not valid

ri.pham@wepay.com - There is a syntactical error in the email address2\n
ri.p@wepay.com - There is a syntactical error in the email address2\n
pham.ri@wepay.com - There is a syntactical error in the email address2\n
pham.r@wepay.com - Email is not valid
ripham@wepay.com - There is a syntactical error in the email address2\n
ri@wepay.com - There is a syntactical error in the email address2\n
rpham@wepay.com - Email is not valid
rip@wepay.com - There is a syntactical error in the email address2\n
['ri.pham@wepay.com - There is a syntactical error in the email address2\\n', 'ri.p@wepay.com - There is a syntactical error in the email address2\\n', 'pham.ri@wepay.com - There is a syntactical error in the email address2\\n', 'pham.r@wepay.com - Email is not valid', 'ripham@wepay.com - There is a syntactical error in the email address2\\n', 'ri@wepay.com - There is a syntactical error in the email address2\\n', 'rpham@wepay.com - Email is not valid', 'rip@wepay.com - There is a syntactical error in the email address2\\n']
https://www.google.co.in/search?q=Palantir%2BTechnologies
palantir.com
**** - elizabethhawkes
sssssss.sakd@palantir.com - Email is not valid

katie.elizabethhawkes@palantir.com - Email is not valid
katie.e@palantir.com - Email is not valid
elizabethhawkes.katie@palantir.com - Email is not valid
elizabethhawkes.k@palantir.com - Email is not valid
katieelizabethhawkes@palantir.com - Email is not valid
katie@palantir.com - Email is not valid
kelizabethhawkes@palantir.com - Email is not valid
katiee@palantir.com - Email is not valid
['katie.elizabethhawkes@palantir.com - Email is not valid', 'katie.e@palantir.com - Email is not valid', 'elizabethhawkes.katie@palantir.com - Email is not valid', 'elizabethhawkes.k@palantir.com - Email is not valid', 'katieelizabethhawkes@palantir.com - Email is not valid', 'katie@palantir.com - Email is not valid', 'kelizabethhawkes@palantir.com - Email is not valid', 'katiee@palantir.com - Email is not valid']
https://www.google.co.in/search?q=Apple
apple.com
**** - bailey
sssssss.sakd@apple.com - Email is valid

https://www.google.co.in/search?q=Citrix
citrix-india.com
**** - hovey
sssssss.sakd@citrix-india.com - Email is not valid

karen.hovey@citrix-india.com - Email is not valid
karen.h@citrix-india.com - Email is not valid
hovey.karen@citrix-india.com - Email is not valid
hovey.k@citrix-india.com - Email is not valid
karenhovey@citrix-india.com - Email is not valid
karen@citrix-india.com - Email is not valid
khovey@citrix-india.com - Email is not valid
karenh@citrix-india.com - Email is not valid
['karen.hovey@citrix-india.com - Email is not valid', 'karen.h@citrix-india.com - Email is not valid', 'hovey.karen@citrix-india.com - Email is not valid', 'hovey.k@citrix-india.com - Email is not valid', 'karenhovey@citrix-india.com - Email is not valid', 'karen@citrix-india.com - Email is not valid', 'khovey@citrix-india.com - Email is not valid', 'karenh@citrix-india.com - Email is not valid']
https://www.google.co.in/search?q=SUMNER%2BVALEK
linkedin.com
**** - kenefick
sssssss.sakd@linkedin.com - Email is not valid

marnie.kenefick@linkedin.com - Email is not valid
marnie.k@linkedin.com - Email is not valid
kenefick.marnie@linkedin.com - Email is not valid
kenefick.m@linkedin.com - Email is not valid
marniekenefick@linkedin.com - Email is not valid
marnie@linkedin.com - Email is not valid
mkenefick@linkedin.com - Email is not valid
marniek@linkedin.com - Email is not valid
['marnie.kenefick@linkedin.com - Email is not valid', 'marnie.k@linkedin.com - Email is not valid', 'kenefick.marnie@linkedin.com - Email is not valid', 'kenefick.m@linkedin.com - Email is not valid', 'marniekenefick@linkedin.com - Email is not valid', 'marnie@linkedin.com - Email is not valid', 'mkenefick@linkedin.com - Email is not valid', 'marniek@linkedin.com - Email is not valid']
https://www.google.co.in/search?q=Northrop%2BGrumman
northropgrumman.com
**** - daly
sssssss.sakd@northropgrumman.com - Email is not validThere are no SMTP servers accepting connections4\n

lori.daly@northropgrumman.com - Email is not validThere are no SMTP servers accepting connections4\n
lori.d@northropgrumman.com - Email is not validThere are no SMTP servers accepting connections4\n
daly.lori@northropgrumman.com - Email is not validThere are no SMTP servers accepting connections4\n
daly.l@northropgrumman.com - Email is not validThere are no SMTP servers accepting connections4\n
loridaly@northropgrumman.com - Email is not validThere are no SMTP servers accepting connections4\n
lori@northropgrumman.com - Email is not validThere are no SMTP servers accepting connections4\n
ldaly@northropgrumman.com - Email is not validThere are no SMTP servers accepting connections4\n
lorid@northropgrumman.com - Email is not validThere are no SMTP servers accepting connections4\n
['lori.daly@northropgrumman.com - Email is not validThere are no SMTP servers accepting connections4\\n', 'lori.d@northropgrumman.com - Email is not validThere are no SMTP servers accepting connections4\\n', 'daly.lori@northropgrumman.com - Email is not validThere are no SMTP servers accepting connections4\\n', 'daly.l@northropgrumman.com - Email is not validThere are no SMTP servers accepting connections4\\n', 'loridaly@northropgrumman.com - Email is not validThere are no SMTP servers accepting connections4\\n', 'lori@northropgrumman.com - Email is not validThere are no SMTP servers accepting connections4\\n', 'ldaly@northropgrumman.com - Email is not validThere are no SMTP servers accepting connections4\\n', 'lorid@northropgrumman.com - Email is not validThere are no SMTP servers accepting connections4\\n']
https://www.google.co.in/search?q=Rockwell%2BAutomation
rockwellautomation.com
**** - taschner
sssssss.sakd@rockwellautomation.com - Email is not valid

kristin.taschner@rockwellautomation.com - Email is not valid
kristin.t@rockwellautomation.com - Email is not valid
taschner.kristin@rockwellautomation.com - Email is not valid
taschner.k@rockwellautomation.com - Email is not valid
kristintaschner@rockwellautomation.com - Email is not valid
kristin@rockwellautomation.com - Email is not validThere are no SMTP servers accepting connections4\n
ktaschner@rockwellautomation.com - Email is not validThere are no SMTP servers accepting connections4\n
kristint@rockwellautomation.com - Email is not validThere are no SMTP servers accepting connections4\n
['kristin.taschner@rockwellautomation.com - Email is not valid', 'kristin.t@rockwellautomation.com - Email is not valid', 'taschner.kristin@rockwellautomation.com - Email is not valid', 'taschner.k@rockwellautomation.com - Email is not valid', 'kristintaschner@rockwellautomation.com - Email is not valid', 'kristin@rockwellautomation.com - Email is not validThere are no SMTP servers accepting connections4\\n', 'ktaschner@rockwellautomation.com - Email is not validThere are no SMTP servers accepting connections4\\n', 'kristint@rockwellautomation.com - Email is not validThere are no SMTP servers accepting connections4\\n']
https://www.google.co.in/search?q=Whirlpool%2BCorporation
whirlpoolcorp.com
**** - wisecup
sssssss.sakd@whirlpoolcorp.com - Email is valid

https://www.google.co.in/search?q=Xylem%2BInc.
xyleminc.com
**** - mcandrew
sssssss.sakd@xyleminc.com - Email is not valid

ryan.mcandrew@xyleminc.com - Email is not valid
ryan.m@xyleminc.com - Email is not valid
mcandrew.ryan@xyleminc.com - Email is not valid
mcandrew.r@xyleminc.com - Email is not valid
ryanmcandrew@xyleminc.com - Email is not valid
ryan@xyleminc.com - Email is not valid
rmcandrew@xyleminc.com - Email is not valid
ryanm@xyleminc.com - Email is not valid
['ryan.mcandrew@xyleminc.com - Email is not valid', 'ryan.m@xyleminc.com - Email is not valid', 'mcandrew.ryan@xyleminc.com - Email is not valid', 'mcandrew.r@xyleminc.com - Email is not valid', 'ryanmcandrew@xyleminc.com - Email is not valid', 'ryan@xyleminc.com - Email is not valid', 'rmcandrew@xyleminc.com - Email is not valid', 'ryanm@xyleminc.com - Email is not valid']
https://www.google.co.in/search?q=Siemens
siemens.com
**** - lieth
sssssss.sakd@siemens.com - Email is not valid

justin.lieth@siemens.com - Email is not valid
justin.l@siemens.com - Email is not valid
lieth.justin@siemens.com - Email is not valid
lieth.j@siemens.com - Email is not valid
justinlieth@siemens.com - Email is not valid
justin@siemens.com - Email is not valid
jlieth@siemens.com - Email is not valid
justinl@siemens.com - Email is not valid
['justin.lieth@siemens.com - Email is not valid', 'justin.l@siemens.com - Email is not valid', 'lieth.justin@siemens.com - Email is not valid', 'lieth.j@siemens.com - Email is not valid', 'justinlieth@siemens.com - Email is not valid', 'justin@siemens.com - Email is not valid', 'jlieth@siemens.com - Email is not valid', 'justinl@siemens.com - Email is not valid']
https://www.google.co.in/search?q=GROWMARK%2C%2BInc.
growmark.com
**** - biggs,phr
sssssss.sakd@growmark.com - Email is valid

https://www.google.co.in/search?q=Northrop%2BGrumman%2BCorporation
northropgrumman.com
**** - manon-moore
sssssss.sakd@northropgrumman.com - Email is not validThere are no SMTP servers accepting connections4\n

jennifer.manon-moore@northropgrumman.com - Email is not validThere are no SMTP servers accepting connections4\n
jennifer.m@northropgrumman.com - Email is not validThere are no SMTP servers accepting connections4\n
manon-moore.jennifer@northropgrumman.com - Email is not validThere are no SMTP servers accepting connections4\n
manon-moore.j@northropgrumman.com - Email is not validThere are no SMTP servers accepting connections4\n
jennifermanon-moore@northropgrumman.com - Email is not validThere are no SMTP servers accepting connections4\n
jennifer@northropgrumman.com - Email is not validThere are no SMTP servers accepting connections4\n
jmanon-moore@northropgrumman.com - Email is not validThere are no SMTP servers accepting connections4\n
jenniferm@northropgrumman.com - Email is not validThere are no SMTP servers accepting connections4\n
['jennifer.manon-moore@northropgrumman.com - Email is not validThere are no SMTP servers accepting connections4\\n', 'jennifer.m@northropgrumman.com - Email is not validThere are no SMTP servers accepting connections4\\n', 'manon-moore.jennifer@northropgrumman.com - Email is not validThere are no SMTP servers accepting connections4\\n', 'manon-moore.j@northropgrumman.com - Email is not validThere are no SMTP servers accepting connections4\\n', 'jennifermanon-moore@northropgrumman.com - Email is not validThere are no SMTP servers accepting connections4\\n', 'jennifer@northropgrumman.com - Email is not validThere are no SMTP servers accepting connections4\\n', 'jmanon-moore@northropgrumman.com - Email is not validThere are no SMTP servers accepting connections4\\n', 'jenniferm@northropgrumman.com - Email is not validThere are no SMTP servers accepting connections4\\n']
https://www.google.co.in/search?q=CDW
cdw.com
**** - principato,m.a.
sssssss.sakd@cdw.com - Email is not valid

jaclinn..principato,m.a.@cdw.com - There is a syntactical error in the email address2\n
jaclinn..p@cdw.com - Email is not valid
principato,m.a..jaclinn.@cdw.com - There is a syntactical error in the email address2\n
principato,m.a..j@cdw.com - There is a syntactical error in the email address2\n
jaclinn.principato,m.a.@cdw.com - There is a syntactical error in the email address2\n
jaclinn.@cdw.com - Email is not valid
jprincipato,m.a.@cdw.com - There is a syntactical error in the email address2\n
jaclinn.p@cdw.com - Email is not valid
['jaclinn..principato,m.a.@cdw.com - There is a syntactical error in the email address2\\n', 'jaclinn..p@cdw.com - Email is not valid', 'principato,m.a..jaclinn.@cdw.com - There is a syntactical error in the email address2\\n', 'principato,m.a..j@cdw.com - There is a syntactical error in the email address2\\n', 'jaclinn.principato,m.a.@cdw.com - There is a syntactical error in the email address2\\n', 'jaclinn.@cdw.com - Email is not valid', 'jprincipato,m.a.@cdw.com - There is a syntactical error in the email address2\\n', 'jaclinn.p@cdw.com - Email is not valid']
https://www.google.co.in/search?q=sssssssssssssssss
youtube.com
**** - rodriguez
sssssss.sakd@youtube.com - Email is not valid

crystals.rodriguez@youtube.com - Email is not valid
crystals.r@youtube.com - Email is not valid
rodriguez.crystals@youtube.com - Email is not valid
rodriguez.c@youtube.com - Email is not valid
crystalsrodriguez@youtube.com - Email is not valid
crystals@youtube.com - Email is not valid
crodriguez@youtube.com - Email is not valid
crystalsr@youtube.com - Email is not valid
['crystals.rodriguez@youtube.com - Email is not valid', 'crystals.r@youtube.com - Email is not valid', 'rodriguez.crystals@youtube.com - Email is not valid', 'rodriguez.c@youtube.com - Email is not valid', 'crystalsrodriguez@youtube.com - Email is not valid', 'crystals@youtube.com - Email is not valid', 'crodriguez@youtube.com - Email is not valid', 'crystalsr@youtube.com - Email is not valid']
https://www.google.co.in/search?q=sssssssssssssssss
youtube.com
**** - snell
sssssss.sakd@youtube.com - Email is not valid

tonie.snell@youtube.com - Email is not valid
tonie.s@youtube.com - Email is not valid
snell.tonie@youtube.com - Email is not valid
snell.t@youtube.com - Email is not valid
toniesnell@youtube.com - Email is not valid
tonie@youtube.com - Email is not valid
tsnell@youtube.com - Email is not valid
tonies@youtube.com - Email is not valid
['tonie.snell@youtube.com - Email is not valid', 'tonie.s@youtube.com - Email is not valid', 'snell.tonie@youtube.com - Email is not valid', 'snell.t@youtube.com - Email is not valid', 'toniesnell@youtube.com - Email is not valid', 'tonie@youtube.com - Email is not valid', 'tsnell@youtube.com - Email is not valid', 'tonies@youtube.com - Email is not valid']
https://www.google.co.in/search?q=sssssssssssssssss
youtube.com
**** - starnes
sssssss.sakd@youtube.com - Email is not valid

erin.starnes@youtube.com - Email is not valid
erin.s@youtube.com - Email is not valid
starnes.erin@youtube.com - Email is not valid
starnes.e@youtube.com - Email is not valid
erinstarnes@youtube.com - Email is not valid
erin@youtube.com - Email is not valid
estarnes@youtube.com - Email is not valid
erins@youtube.com - Email is not valid
['erin.starnes@youtube.com - Email is not valid', 'erin.s@youtube.com - Email is not valid', 'starnes.erin@youtube.com - Email is not valid', 'starnes.e@youtube.com - Email is not valid', 'erinstarnes@youtube.com - Email is not valid', 'erin@youtube.com - Email is not valid', 'estarnes@youtube.com - Email is not valid', 'erins@youtube.com - Email is not valid']
https://www.google.co.in/search?q=sssssssssssssssss
youtube.com
**** - citi
sssssss.sakd@youtube.com - Email is not valid

la.citi@youtube.com - Email is not valid
la.c@youtube.com - Email is not valid
citi.la@youtube.com - Email is not valid
citi.l@youtube.com - Email is not valid
laciti@youtube.com - Email is not valid
la@youtube.com - Email is not valid
lciti@youtube.com - Email is not valid
lac@youtube.com - Email is not valid
['la.citi@youtube.com - Email is not valid', 'la.c@youtube.com - Email is not valid', 'citi.la@youtube.com - Email is not valid', 'citi.l@youtube.com - Email is not valid', 'laciti@youtube.com - Email is not valid', 'la@youtube.com - Email is not valid', 'lciti@youtube.com - Email is not valid', 'lac@youtube.com - Email is not valid']
https://www.google.co.in/search?q=sssssssssssssssss
youtube.com
**** - flynn
sssssss.sakd@youtube.com - Email is not valid

kate.flynn@youtube.com - Email is not valid
kate.f@youtube.com - Email is not valid
flynn.kate@youtube.com - Email is not valid
flynn.k@youtube.com - Email is not valid
kateflynn@youtube.com - Email is not valid
kate@youtube.com - Email is not valid
kflynn@youtube.com - Email is not valid
katef@youtube.com - Email is not valid
['kate.flynn@youtube.com - Email is not valid', 'kate.f@youtube.com - Email is not valid', 'flynn.kate@youtube.com - Email is not valid', 'flynn.k@youtube.com - Email is not valid', 'kateflynn@youtube.com - Email is not valid', 'kate@youtube.com - Email is not valid', 'kflynn@youtube.com - Email is not valid', 'katef@youtube.com - Email is not valid']
https://www.google.co.in/search?q=Valentino%2BMartinez
facebook.com
**** - martinez
sssssss.sakd@facebook.com - Email is not validAll SMTP servers are misbehaving5\n

valentino.martinez@facebook.com - Email is not validAll SMTP servers are misbehaving5\n
valentino.m@facebook.com - Email is not validAll SMTP servers are misbehaving5\n
martinez.valentino@facebook.com - Email is not validAll SMTP servers are misbehaving5\n
martinez.v@facebook.com - Email is not validAll SMTP servers are misbehaving5\n
valentinomartinez@facebook.com - Email is not validAll SMTP servers are misbehaving5\n
valentino@facebook.com - Email is not validAll SMTP servers are misbehaving5\n
vmartinez@facebook.com - Email is not validAll SMTP servers are misbehaving5\n
valentinom@facebook.com - Email is not validAll SMTP servers are misbehaving5\n
['valentino.martinez@facebook.com - Email is not validAll SMTP servers are misbehaving5\\n', 'valentino.m@facebook.com - Email is not validAll SMTP servers are misbehaving5\\n', 'martinez.valentino@facebook.com - Email is not validAll SMTP servers are misbehaving5\\n', 'martinez.v@facebook.com - Email is not validAll SMTP servers are misbehaving5\\n', 'valentinomartinez@facebook.com - Email is not validAll SMTP servers are misbehaving5\\n', 'valentino@facebook.com - Email is not validAll SMTP servers are misbehaving5\\n', 'vmartinez@facebook.com - Email is not validAll SMTP servers are misbehaving5\\n', 'valentinom@facebook.com - Email is not validAll SMTP servers are misbehaving5\\n']
https://www.google.co.in/search?q=FireEye
fireeye.com
**** - cody
sssssss.sakd@fireeye.com - Email is not valid

kelly.cody@fireeye.com - Email is valid
kelly.c@fireeye.com - Email is not valid
cody.kelly@fireeye.com - Email is not valid
cody.k@fireeye.com - Email is not valid
kellycody@fireeye.com - Email is not valid
kelly@fireeye.com - Email is valid
kcody@fireeye.com - Email is not valid
kellyc@fireeye.com - Email is not valid
['kelly.cody@fireeye.com - Email is valid', 'kelly.c@fireeye.com - Email is not valid', 'cody.kelly@fireeye.com - Email is not valid', 'cody.k@fireeye.com - Email is not valid', 'kellycody@fireeye.com - Email is not valid', 'kelly@fireeye.com - Email is valid', 'kcody@fireeye.com - Email is not valid', 'kellyc@fireeye.com - Email is not valid']
https://www.google.co.in/search?q=Susser%2BHoldings/Stripes%2BConvenience%2BStores
stripesstores.com
**** - hedrick
sssssss.sakd@stripesstores.com - Email is valid

